[NX Daemon Server] - 2024-02-13T08:59:55.942Z - Started listening on: /var/folders/ss/gxqhhc1968sf2c_4xglrnb5h0000gp/T/25747f96024dc733e8a6/d.sock
[NX Daemon Server] - 2024-02-13T08:59:55.947Z - [WATCHER]: Subscribed to changes within: /Users/firstDev/FlowAccountProjects/nx-plugins (native)
[NX Daemon Server] - 2024-02-13T08:59:55.949Z - Established a connection. Number of open connections: 1
[NX Daemon Server] - 2024-02-13T08:59:55.950Z - Established a connection. Number of open connections: 2
[NX Daemon Server] - 2024-02-13T08:59:55.951Z - Closed a connection. Number of open connections: 1
[NX Daemon Server] - 2024-02-13T08:59:55.952Z - [REQUEST]: Client Request for Project Graph Received
[NX Daemon Server] - 2024-02-13T08:59:55.972Z - [REQUEST]: Updated workspace context based on watched changes, recomputing project graph...
[NX Daemon Server] - 2024-02-13T08:59:55.972Z - [REQUEST]: 
[NX Daemon Server] - 2024-02-13T08:59:55.973Z - [REQUEST]: 

 [33m>[39m [0m[7m[1m[33m NX [39m[22m[27m[0m  [33mUsing `implicitDependencies` for global implicit dependencies configuration is no longer supported.[39m

   Use "namedInputs" instead. You can run "nx repair" to automatically migrate your configuration.
   For more information about the usage of "namedInputs" see https://nx.dev/deprecated/global-implicit-dependencies#global-implicit-dependencies

[NX Daemon Server] - 2024-02-13T08:59:56.452Z - [REQUEST]: Responding to the client. project-graph
[NX Daemon Server] - 2024-02-13T08:59:56.453Z - Time taken for 'total for creating and serializing project graph' 499.42179100000004ms
[NX Daemon Server] - 2024-02-13T08:59:56.461Z - Done responding to the client project-graph
[NX Daemon Server] - 2024-02-13T08:59:56.461Z - Handled REQUEST_PROJECT_GRAPH. Handling time: 500. Response time: 9.
[NX Daemon Server] - 2024-02-13T08:59:56.478Z - [REQUEST]: Client Request for Project Graph Received
[NX Daemon Server] - 2024-02-13T08:59:56.478Z - [REQUEST]: Responding to the client. project-graph
[NX Daemon Server] - 2024-02-13T08:59:56.478Z - Time taken for 'total for creating and serializing project graph' 0.13616700000000037ms
[NX Daemon Server] - 2024-02-13T08:59:56.483Z - Done responding to the client project-graph
[NX Daemon Server] - 2024-02-13T08:59:56.483Z - Handled REQUEST_PROJECT_GRAPH. Handling time: 0. Response time: 5.
[NX Daemon Server] - 2024-02-13T08:59:56.487Z - Established a connection. Number of open connections: 2
[NX Daemon Server] - 2024-02-13T08:59:56.490Z - [REQUEST]: Client Request for Project Graph Received
[NX Daemon Server] - 2024-02-13T08:59:56.490Z - [REQUEST]: Responding to the client. project-graph
[NX Daemon Server] - 2024-02-13T08:59:56.491Z - Time taken for 'total for creating and serializing project graph' 0.06883399999992434ms
[NX Daemon Server] - 2024-02-13T08:59:56.492Z - Done responding to the client project-graph
[NX Daemon Server] - 2024-02-13T08:59:56.492Z - Handled REQUEST_PROJECT_GRAPH. Handling time: 0. Response time: 2.
[NX Daemon Server] - 2024-02-13T09:00:02.647Z - [WATCHER]: Processing file changes in outputs
